{
  "stats": {
    "suites": 1,
    "tests": 4,
    "passes": 4,
    "pending": 0,
    "failures": 0,
    "start": "2026-09-16T05:20:31.242Z",
    "end": "2026-09-16T05:20:56.730Z",
    "duration": 25488,
    "testsRegistered": 4,
    "passPercent": 100,
    "pendingPercent": 0,
    "other": 0,
    "hasOther": false,
    "skipped": 0,
    "hasSkipped": false
  },
  "results": [
    {
      "uuid": "5a9d55e5-0e7a-4b20-b650-22549b0eee39",
      "title": "",
      "fullFile": "cypress\\e2e\\02_admindashbard.cy.js",
      "file": "cypress\\e2e\\02_admindashbard.cy.js",
      "beforeHooks": [],
      "afterHooks": [],
      "tests": [],
      "suites": [
        {
          "uuid": "e78a3d5c-645b-46fa-8553-3f2962ef286b",
          "title": "It verify dashboard of adminn",
          "fullFile": "",
          "file": "",
          "beforeHooks": [],
          "afterHooks": [],
          "tests": [
            {
              "title": "It verify dashboard of admin after logged in",
              "fullTitle": "It verify dashboard of adminn It verify dashboard of admin after logged in",
              "timedOut": null,
              "duration": 5729,
              "state": "passed",
              "speed": "slow",
              "pass": true,
              "fail": false,
              "pending": false,
              "context": null,
              "code": "cy.get(\"body\").should(\"contain.text\", \"Branch\");",
              "err": {},
              "uuid": "8d7262e1-70fc-48e2-923a-d30008518267",
              "parentUUID": "e78a3d5c-645b-46fa-8553-3f2962ef286b",
              "isHook": false,
              "skipped": false
            },
            {
              "title": "Verify sidebar navigation",
              "fullTitle": "It verify dashboard of adminn Verify sidebar navigation",
              "timedOut": null,
              "duration": 6738,
              "state": "passed",
              "speed": "slow",
              "pass": true,
              "fail": false,
              "pending": false,
              "context": null,
              "code": "cy.xpath(_locator.dashboardlocator.SiderBarMenu).click();\ncy.xpath(_locator.dashboardlocator.BranchMenu).click();\ncy.get(\"body\").should(\"contain.text\", \"Branches\");",
              "err": {},
              "uuid": "aac5941d-ae17-464e-8f2e-db87d38efa9d",
              "parentUUID": "e78a3d5c-645b-46fa-8553-3f2962ef286b",
              "isHook": false,
              "skipped": false
            },
            {
              "title": "Verify Add Branch opens from dashboard",
              "fullTitle": "It verify dashboard of adminn Verify Add Branch opens from dashboard",
              "timedOut": null,
              "duration": 5191,
              "state": "passed",
              "speed": "slow",
              "pass": true,
              "fail": false,
              "pending": false,
              "context": null,
              "code": "cy.xpath(_locator.dashboardlocator.AddBranch).click({\n  force: true\n});\ncy.get(\"body\").should(\"contain.text\", \"Add Branches\");",
              "err": {},
              "uuid": "a81ffc6f-f4e8-4c7a-a28a-4693db904406",
              "parentUUID": "e78a3d5c-645b-46fa-8553-3f2962ef286b",
              "isHook": false,
              "skipped": false
            },
            {
              "title": "Verify Logout from dashboard",
              "fullTitle": "It verify dashboard of adminn Verify Logout from dashboard",
              "timedOut": null,
              "duration": 7510,
              "state": "passed",
              "speed": "slow",
              "pass": true,
              "fail": false,
              "pending": false,
              "context": null,
              "code": "cy.get(\".flex.items-center.rounded-xl.cursor-pointer\").eq(10).click();\ncy.xpath(_locator.dashboardlocator.LogoutButton).click();\ncy.get('button[data-variant=\"delete\"]').click();\ncy.get(\"body\").should(\"contain.text\", \"Welcome back\");",
              "err": {},
              "uuid": "e7c03267-b068-43ab-9c09-af448cdff036",
              "parentUUID": "e78a3d5c-645b-46fa-8553-3f2962ef286b",
              "isHook": false,
              "skipped": false
            }
          ],
          "suites": [],
          "passes": [
            "8d7262e1-70fc-48e2-923a-d30008518267",
            "aac5941d-ae17-464e-8f2e-db87d38efa9d",
            "a81ffc6f-f4e8-4c7a-a28a-4693db904406",
            "e7c03267-b068-43ab-9c09-af448cdff036"
          ],
          "failures": [],
          "pending": [],
          "skipped": [],
          "duration": 25168,
          "root": false,
          "rootEmpty": false,
          "_timeout": 2000
        }
      ],
      "passes": [],
      "failures": [],
      "pending": [],
      "skipped": [],
      "duration": 0,
      "root": true,
      "rootEmpty": true,
      "_timeout": 2000
    }
  ],
  "meta": {
    "mocha": {
      "version": "7.2.0"
    },
    "mochawesome": {
      "options": {
        "quiet": false,
        "reportFilename": "report",
        "saveHtml": false,
        "saveJson": true,
        "consoleReporter": "spec",
        "useInlineDiffs": false,
        "code": true
      },
      "version": "8.1.1"
    },
    "marge": {
      "options": {
        "reportDir": "cypress\\reports\\.jsons",
        "reportFilename": "report",
        "overwrite": false,
        "html": false,
        "json": true,
        "embeddedScreenshots": true,
        "inlineAssets": true
      },
      "version": "6.3.2"
    }
  }
}