{
  "stats": {
    "suites": 1,
    "tests": 2,
    "passes": 1,
    "pending": 0,
    "failures": 1,
    "start": "2026-09-16T04:24:54.089Z",
    "end": "2026-09-16T04:25:06.746Z",
    "duration": 12657,
    "testsRegistered": 4,
    "passPercent": 25,
    "pendingPercent": 0,
    "other": 0,
    "hasOther": false,
    "skipped": 2,
    "hasSkipped": true
  },
  "results": [
    {
      "uuid": "76407001-4e08-4064-a8ff-987c01482aad",
      "title": "",
      "fullFile": "cypress\\e2e\\02_admindashbard.cy.js",
      "file": "cypress\\e2e\\02_admindashbard.cy.js",
      "beforeHooks": [],
      "afterHooks": [],
      "tests": [],
      "suites": [
        {
          "uuid": "45cd257c-282d-4e6e-8e79-acf94cfc5c42",
          "title": "It verify dashboard of adminn",
          "fullFile": "",
          "file": "",
          "beforeHooks": [],
          "afterHooks": [],
          "tests": [
            {
              "title": "It verify dashboard of admin after logged in",
              "fullTitle": "It verify dashboard of adminn It verify dashboard of admin after logged in",
              "timedOut": null,
              "duration": 6869,
              "state": "passed",
              "speed": "slow",
              "pass": true,
              "fail": false,
              "pending": false,
              "context": null,
              "code": "cy.get(\"body\").should(\"contain.text\", \"Branch\");",
              "err": {},
              "uuid": "055ab488-3859-40e1-9c12-365a8e2fec72",
              "parentUUID": "45cd257c-282d-4e6e-8e79-acf94cfc5c42",
              "isHook": false,
              "skipped": false
            },
            {
              "title": "Verify sidebar navigation",
              "fullTitle": "It verify dashboard of adminn Verify sidebar navigation",
              "timedOut": null,
              "duration": 5587,
              "state": "failed",
              "speed": null,
              "pass": false,
              "fail": true,
              "pending": false,
              "context": "{\n  \"title\": \"cypress-mochawesome-reporter-screenshots\",\n  \"value\": [\n    [\n      \"\\\\02_admindashbard.cy.js\\\\It verify dashboard of adminn -- Verify sidebar navigation -- before each hook (failed).png\"\n    ]\n  ]\n}",
              "code": "cy.xpath(_locator.dashboardlocator.SiderBarMenu).click();\ncy.xpath(_locator.dashboardlocator.BranchMenu).click();\ncy.get(\"body\").should(\"contain.text\", \"Branches\");",
              "err": {
                "message": "AssertionError: Timed out retrying after 4000ms: Expected to find element: `[name=\"email\"]`, but never found it.\n\nBecause this error occurred during a `before each` hook we are skipping the remaining tests in the current suite: `It verify dashboard of adminn`",
                "estack": "AssertionError: Timed out retrying after 4000ms: Expected to find element: `[name=\"email\"]`, but never found it.\n\nBecause this error occurred during a `before each` hook we are skipping the remaining tests in the current suite: `It verify dashboard of adminn`\n    at Context.eval (webpack://chairlyo/./cypress/support/commands.js:4:29)\n    at getRet (https://qa02.stage.chairlyo.com/__cypress/runner/cypress_runner.js:121224:20)\n    at tryCatcher (https://qa02.stage.chairlyo.com/__cypress/runner/cypress_runner.js:1780:23)\n    at Promise.attempt.Promise.try (https://qa02.stage.chairlyo.com/__cypress/runner/cypress_runner.js:4288:29)\n    at Context.thenFn (https://qa02.stage.chairlyo.com/__cypress/runner/cypress_runner.js:121235:66)\n    at Context.then (https://qa02.stage.chairlyo.com/__cypress/runner/cypress_runner.js:121486:21)\n    at wrapped (https://qa02.stage.chairlyo.com/__cypress/runner/cypress_runner.js:146499:19)",
                "diff": null
              },
              "uuid": "7d840d50-5907-4540-b291-a79f8ac6fe94",
              "parentUUID": "45cd257c-282d-4e6e-8e79-acf94cfc5c42",
              "isHook": false,
              "skipped": false
            },
            {
              "title": "Verify Add Branch opens from dashboard",
              "fullTitle": "It verify dashboard of adminn Verify Add Branch opens from dashboard",
              "timedOut": null,
              "duration": 0,
              "state": "skipped",
              "speed": null,
              "pass": false,
              "fail": false,
              "pending": false,
              "context": null,
              "code": "cy.xpath(_locator.dashboardlocator.AddBranch).click({\n  force: true\n});\ncy.get(\"body\").should(\"contain.text\", \"Add Branches\");",
              "err": {},
              "uuid": "7df2bd83-6faf-495b-a4b5-33d240f1263f",
              "parentUUID": "45cd257c-282d-4e6e-8e79-acf94cfc5c42",
              "isHook": false,
              "skipped": true
            },
            {
              "title": "Verify Logout from dashboard",
              "fullTitle": "It verify dashboard of adminn Verify Logout from dashboard",
              "timedOut": null,
              "duration": 0,
              "state": "skipped",
              "speed": null,
              "pass": false,
              "fail": false,
              "pending": false,
              "context": null,
              "code": "cy.get(\".flex.items-center.rounded-xl.cursor-pointer\").eq(10).click();\ncy.xpath(_locator.dashboardlocator.LogoutButton).click();\ncy.get('button[data-variant=\"delete\"]').click();\ncy.get(\"body\").should(\"contain.text\", \"Welcome back\");",
              "err": {},
              "uuid": "a409a625-f7ca-4c13-bfb9-f78487e77edc",
              "parentUUID": "45cd257c-282d-4e6e-8e79-acf94cfc5c42",
              "isHook": false,
              "skipped": true
            }
          ],
          "suites": [],
          "passes": [
            "055ab488-3859-40e1-9c12-365a8e2fec72"
          ],
          "failures": [
            "7d840d50-5907-4540-b291-a79f8ac6fe94"
          ],
          "pending": [],
          "skipped": [
            "7df2bd83-6faf-495b-a4b5-33d240f1263f",
            "a409a625-f7ca-4c13-bfb9-f78487e77edc"
          ],
          "duration": 12456,
          "root": false,
          "rootEmpty": false,
          "_timeout": 2000
        }
      ],
      "passes": [],
      "failures": [],
      "pending": [],
      "skipped": [],
      "duration": 0,
      "root": true,
      "rootEmpty": true,
      "_timeout": 2000
    }
  ],
  "meta": {
    "mocha": {
      "version": "7.2.0"
    },
    "mochawesome": {
      "options": {
        "quiet": false,
        "reportFilename": "report",
        "saveHtml": false,
        "saveJson": true,
        "consoleReporter": "spec",
        "useInlineDiffs": false,
        "code": true
      },
      "version": "8.1.1"
    },
    "marge": {
      "options": {
        "reportDir": "cypress\\reports\\.jsons",
        "reportFilename": "report",
        "overwrite": false,
        "html": false,
        "json": true,
        "embeddedScreenshots": true,
        "inlineAssets": true
      },
      "version": "6.3.2"
    }
  }
}