{
  "stats": {
    "suites": 1,
    "tests": 1,
    "passes": 1,
    "pending": 0,
    "failures": 0,
    "start": "2026-09-16T04:26:59.944Z",
    "end": "2026-09-16T04:27:06.434Z",
    "duration": 6490,
    "testsRegistered": 1,
    "passPercent": 100,
    "pendingPercent": 0,
    "other": 0,
    "hasOther": false,
    "skipped": 0,
    "hasSkipped": false
  },
  "results": [
    {
      "uuid": "6f5eed74-9451-4858-8fae-db53c4241cae",
      "title": "",
      "fullFile": "cypress\\e2e\\01_login.cy.js",
      "file": "cypress\\e2e\\01_login.cy.js",
      "beforeHooks": [],
      "afterHooks": [],
      "tests": [],
      "suites": [
        {
          "uuid": "303b8ec1-e26a-4ad9-8661-79b985bd73fb",
          "title": "Chairlyo Login",
          "fullFile": "",
          "file": "",
          "beforeHooks": [],
          "afterHooks": [],
          "tests": [
            {
              "title": "Should Login with valid credential",
              "fullTitle": "Chairlyo Login Should Login with valid credential",
              "timedOut": null,
              "duration": 6378,
              "state": "passed",
              "speed": "slow",
              "pass": true,
              "fail": false,
              "pending": false,
              "context": null,
              "code": "cy.get(_locator.loginlocator.email).type(\"skilladmin@test.com\");\ncy.get(_locator.loginlocator.password).type(\"Skill@123\");\ncy.xpath(_locator.loginlocator.login).click();\ncy.url().should(\"eq\", \"https://qa02.stage.chairlyo.com/\");",
              "err": {},
              "uuid": "22623654-2127-4dfa-b2ed-e30c4aeaecd0",
              "parentUUID": "303b8ec1-e26a-4ad9-8661-79b985bd73fb",
              "isHook": false,
              "skipped": false
            }
          ],
          "suites": [],
          "passes": [
            "22623654-2127-4dfa-b2ed-e30c4aeaecd0"
          ],
          "failures": [],
          "pending": [],
          "skipped": [],
          "duration": 6378,
          "root": false,
          "rootEmpty": false,
          "_timeout": 2000
        }
      ],
      "passes": [],
      "failures": [],
      "pending": [],
      "skipped": [],
      "duration": 0,
      "root": true,
      "rootEmpty": true,
      "_timeout": 2000
    }
  ],
  "meta": {
    "mocha": {
      "version": "7.2.0"
    },
    "mochawesome": {
      "options": {
        "quiet": false,
        "reportFilename": "report",
        "saveHtml": false,
        "saveJson": true,
        "consoleReporter": "spec",
        "useInlineDiffs": false,
        "code": true
      },
      "version": "8.1.1"
    },
    "marge": {
      "options": {
        "reportDir": "cypress\\reports\\.jsons",
        "reportFilename": "report",
        "overwrite": false,
        "html": false,
        "json": true,
        "embeddedScreenshots": true,
        "inlineAssets": true
      },
      "version": "6.3.2"
    }
  }
}